Determining if the CL_VERSION_2_2 exist failed with the following output:
Change Dir: /home/book/incubator-tvm-490510d463bd760fc474f956a3098b88ebf7260a/build/CMakeFiles/CMakeTmp

Run Build Command:"/usr/bin/make" "cmTC_caa6a/fast"
/usr/bin/make -f CMakeFiles/cmTC_caa6a.dir/build.make CMakeFiles/cmTC_caa6a.dir/build
make[1]: Entering directory '/home/book/incubator-tvm-490510d463bd760fc474f956a3098b88ebf7260a/build/CMakeFiles/CMakeTmp'
Building C object CMakeFiles/cmTC_caa6a.dir/CheckSymbolExists.c.o
/usr/bin/cc   -O2 -Wall -fPIC     -o CMakeFiles/cmTC_caa6a.dir/CheckSymbolExists.c.o   -c /home/book/incubator-tvm-490510d463bd760fc474f956a3098b88ebf7260a/build/CMakeFiles/CMakeTmp/CheckSymbolExists.c
/home/book/incubator-tvm-490510d463bd760fc474f956a3098b88ebf7260a/build/CMakeFiles/CMakeTmp/CheckSymbolExists.c:2:10: fatal error: OpenCL_INCLUDE_DIR-NOTFOUND/CL/cl.h: No such file or directory
 #include <OpenCL_INCLUDE_DIR-NOTFOUND/CL/cl.h>
          ^~~~~~~~~~~~~~~~~~~~~~~~~~~~~~~~~~~~~
compilation terminated.
CMakeFiles/cmTC_caa6a.dir/build.make:65: recipe for target 'CMakeFiles/cmTC_caa6a.dir/CheckSymbolExists.c.o' failed
make[1]: *** [CMakeFiles/cmTC_caa6a.dir/CheckSymbolExists.c.o] Error 1
make[1]: Leaving directory '/home/book/incubator-tvm-490510d463bd760fc474f956a3098b88ebf7260a/build/CMakeFiles/CMakeTmp'
Makefile:121: recipe for target 'cmTC_caa6a/fast' failed
make: *** [cmTC_caa6a/fast] Error 2

File /home/book/incubator-tvm-490510d463bd760fc474f956a3098b88ebf7260a/build/CMakeFiles/CMakeTmp/CheckSymbolExists.c:
/* */
#include <OpenCL_INCLUDE_DIR-NOTFOUND/CL/cl.h>

int main(int argc, char** argv)
{
  (void)argv;
#ifndef CL_VERSION_2_2
  return ((int*)(&CL_VERSION_2_2))[argc];
#else
  (void)argc;
  return 0;
#endif
}

Determining if the CL_VERSION_2_1 exist failed with the following output:
Change Dir: /home/book/incubator-tvm-490510d463bd760fc474f956a3098b88ebf7260a/build/CMakeFiles/CMakeTmp

Run Build Command:"/usr/bin/make" "cmTC_82b7e/fast"
/usr/bin/make -f CMakeFiles/cmTC_82b7e.dir/build.make CMakeFiles/cmTC_82b7e.dir/build
make[1]: Entering directory '/home/book/incubator-tvm-490510d463bd760fc474f956a3098b88ebf7260a/build/CMakeFiles/CMakeTmp'
Building C object CMakeFiles/cmTC_82b7e.dir/CheckSymbolExists.c.o
/usr/bin/cc   -O2 -Wall -fPIC     -o CMakeFiles/cmTC_82b7e.dir/CheckSymbolExists.c.o   -c /home/book/incubator-tvm-490510d463bd760fc474f956a3098b88ebf7260a/build/CMakeFiles/CMakeTmp/CheckSymbolExists.c
/home/book/incubator-tvm-490510d463bd760fc474f956a3098b88ebf7260a/build/CMakeFiles/CMakeTmp/CheckSymbolExists.c:2:10: fatal error: OpenCL_INCLUDE_DIR-NOTFOUND/CL/cl.h: No such file or directory
 #include <OpenCL_INCLUDE_DIR-NOTFOUND/CL/cl.h>
          ^~~~~~~~~~~~~~~~~~~~~~~~~~~~~~~~~~~~~
compilation terminated.
CMakeFiles/cmTC_82b7e.dir/build.make:65: recipe for target 'CMakeFiles/cmTC_82b7e.dir/CheckSymbolExists.c.o' failed
make[1]: *** [CMakeFiles/cmTC_82b7e.dir/CheckSymbolExists.c.o] Error 1
make[1]: Leaving directory '/home/book/incubator-tvm-490510d463bd760fc474f956a3098b88ebf7260a/build/CMakeFiles/CMakeTmp'
Makefile:121: recipe for target 'cmTC_82b7e/fast' failed
make: *** [cmTC_82b7e/fast] Error 2

File /home/book/incubator-tvm-490510d463bd760fc474f956a3098b88ebf7260a/build/CMakeFiles/CMakeTmp/CheckSymbolExists.c:
/* */
#include <OpenCL_INCLUDE_DIR-NOTFOUND/CL/cl.h>

int main(int argc, char** argv)
{
  (void)argv;
#ifndef CL_VERSION_2_1
  return ((int*)(&CL_VERSION_2_1))[argc];
#else
  (void)argc;
  return 0;
#endif
}

Determining if the CL_VERSION_2_0 exist failed with the following output:
Change Dir: /home/book/incubator-tvm-490510d463bd760fc474f956a3098b88ebf7260a/build/CMakeFiles/CMakeTmp

Run Build Command:"/usr/bin/make" "cmTC_2f80d/fast"
/usr/bin/make -f CMakeFiles/cmTC_2f80d.dir/build.make CMakeFiles/cmTC_2f80d.dir/build
make[1]: Entering directory '/home/book/incubator-tvm-490510d463bd760fc474f956a3098b88ebf7260a/build/CMakeFiles/CMakeTmp'
Building C object CMakeFiles/cmTC_2f80d.dir/CheckSymbolExists.c.o
/usr/bin/cc   -O2 -Wall -fPIC     -o CMakeFiles/cmTC_2f80d.dir/CheckSymbolExists.c.o   -c /home/book/incubator-tvm-490510d463bd760fc474f956a3098b88ebf7260a/build/CMakeFiles/CMakeTmp/CheckSymbolExists.c
/home/book/incubator-tvm-490510d463bd760fc474f956a3098b88ebf7260a/build/CMakeFiles/CMakeTmp/CheckSymbolExists.c:2:10: fatal error: OpenCL_INCLUDE_DIR-NOTFOUND/CL/cl.h: No such file or directory
 #include <OpenCL_INCLUDE_DIR-NOTFOUND/CL/cl.h>
          ^~~~~~~~~~~~~~~~~~~~~~~~~~~~~~~~~~~~~
compilation terminated.
CMakeFiles/cmTC_2f80d.dir/build.make:65: recipe for target 'CMakeFiles/cmTC_2f80d.dir/CheckSymbolExists.c.o' failed
make[1]: *** [CMakeFiles/cmTC_2f80d.dir/CheckSymbolExists.c.o] Error 1
make[1]: Leaving directory '/home/book/incubator-tvm-490510d463bd760fc474f956a3098b88ebf7260a/build/CMakeFiles/CMakeTmp'
Makefile:121: recipe for target 'cmTC_2f80d/fast' failed
make: *** [cmTC_2f80d/fast] Error 2

File /home/book/incubator-tvm-490510d463bd760fc474f956a3098b88ebf7260a/build/CMakeFiles/CMakeTmp/CheckSymbolExists.c:
/* */
#include <OpenCL_INCLUDE_DIR-NOTFOUND/CL/cl.h>

int main(int argc, char** argv)
{
  (void)argv;
#ifndef CL_VERSION_2_0
  return ((int*)(&CL_VERSION_2_0))[argc];
#else
  (void)argc;
  return 0;
#endif
}

Determining if the CL_VERSION_1_2 exist failed with the following output:
Change Dir: /home/book/incubator-tvm-490510d463bd760fc474f956a3098b88ebf7260a/build/CMakeFiles/CMakeTmp

Run Build Command:"/usr/bin/make" "cmTC_e0066/fast"
/usr/bin/make -f CMakeFiles/cmTC_e0066.dir/build.make CMakeFiles/cmTC_e0066.dir/build
make[1]: Entering directory '/home/book/incubator-tvm-490510d463bd760fc474f956a3098b88ebf7260a/build/CMakeFiles/CMakeTmp'
Building C object CMakeFiles/cmTC_e0066.dir/CheckSymbolExists.c.o
/usr/bin/cc   -O2 -Wall -fPIC     -o CMakeFiles/cmTC_e0066.dir/CheckSymbolExists.c.o   -c /home/book/incubator-tvm-490510d463bd760fc474f956a3098b88ebf7260a/build/CMakeFiles/CMakeTmp/CheckSymbolExists.c
/home/book/incubator-tvm-490510d463bd760fc474f956a3098b88ebf7260a/build/CMakeFiles/CMakeTmp/CheckSymbolExists.c:2:10: fatal error: OpenCL_INCLUDE_DIR-NOTFOUND/CL/cl.h: No such file or directory
 #include <OpenCL_INCLUDE_DIR-NOTFOUND/CL/cl.h>
          ^~~~~~~~~~~~~~~~~~~~~~~~~~~~~~~~~~~~~
compilation terminated.
CMakeFiles/cmTC_e0066.dir/build.make:65: recipe for target 'CMakeFiles/cmTC_e0066.dir/CheckSymbolExists.c.o' failed
make[1]: *** [CMakeFiles/cmTC_e0066.dir/CheckSymbolExists.c.o] Error 1
make[1]: Leaving directory '/home/book/incubator-tvm-490510d463bd760fc474f956a3098b88ebf7260a/build/CMakeFiles/CMakeTmp'
Makefile:121: recipe for target 'cmTC_e0066/fast' failed
make: *** [cmTC_e0066/fast] Error 2

File /home/book/incubator-tvm-490510d463bd760fc474f956a3098b88ebf7260a/build/CMakeFiles/CMakeTmp/CheckSymbolExists.c:
/* */
#include <OpenCL_INCLUDE_DIR-NOTFOUND/CL/cl.h>

int main(int argc, char** argv)
{
  (void)argv;
#ifndef CL_VERSION_1_2
  return ((int*)(&CL_VERSION_1_2))[argc];
#else
  (void)argc;
  return 0;
#endif
}

Determining if the CL_VERSION_1_1 exist failed with the following output:
Change Dir: /home/book/incubator-tvm-490510d463bd760fc474f956a3098b88ebf7260a/build/CMakeFiles/CMakeTmp

Run Build Command:"/usr/bin/make" "cmTC_5bad1/fast"
/usr/bin/make -f CMakeFiles/cmTC_5bad1.dir/build.make CMakeFiles/cmTC_5bad1.dir/build
make[1]: Entering directory '/home/book/incubator-tvm-490510d463bd760fc474f956a3098b88ebf7260a/build/CMakeFiles/CMakeTmp'
Building C object CMakeFiles/cmTC_5bad1.dir/CheckSymbolExists.c.o
/usr/bin/cc   -O2 -Wall -fPIC     -o CMakeFiles/cmTC_5bad1.dir/CheckSymbolExists.c.o   -c /home/book/incubator-tvm-490510d463bd760fc474f956a3098b88ebf7260a/build/CMakeFiles/CMakeTmp/CheckSymbolExists.c
/home/book/incubator-tvm-490510d463bd760fc474f956a3098b88ebf7260a/build/CMakeFiles/CMakeTmp/CheckSymbolExists.c:2:10: fatal error: OpenCL_INCLUDE_DIR-NOTFOUND/CL/cl.h: No such file or directory
 #include <OpenCL_INCLUDE_DIR-NOTFOUND/CL/cl.h>
          ^~~~~~~~~~~~~~~~~~~~~~~~~~~~~~~~~~~~~
compilation terminated.
CMakeFiles/cmTC_5bad1.dir/build.make:65: recipe for target 'CMakeFiles/cmTC_5bad1.dir/CheckSymbolExists.c.o' failed
make[1]: *** [CMakeFiles/cmTC_5bad1.dir/CheckSymbolExists.c.o] Error 1
make[1]: Leaving directory '/home/book/incubator-tvm-490510d463bd760fc474f956a3098b88ebf7260a/build/CMakeFiles/CMakeTmp'
Makefile:121: recipe for target 'cmTC_5bad1/fast' failed
make: *** [cmTC_5bad1/fast] Error 2

File /home/book/incubator-tvm-490510d463bd760fc474f956a3098b88ebf7260a/build/CMakeFiles/CMakeTmp/CheckSymbolExists.c:
/* */
#include <OpenCL_INCLUDE_DIR-NOTFOUND/CL/cl.h>

int main(int argc, char** argv)
{
  (void)argv;
#ifndef CL_VERSION_1_1
  return ((int*)(&CL_VERSION_1_1))[argc];
#else
  (void)argc;
  return 0;
#endif
}

Determining if the CL_VERSION_1_0 exist failed with the following output:
Change Dir: /home/book/incubator-tvm-490510d463bd760fc474f956a3098b88ebf7260a/build/CMakeFiles/CMakeTmp

Run Build Command:"/usr/bin/make" "cmTC_549e1/fast"
/usr/bin/make -f CMakeFiles/cmTC_549e1.dir/build.make CMakeFiles/cmTC_549e1.dir/build
make[1]: Entering directory '/home/book/incubator-tvm-490510d463bd760fc474f956a3098b88ebf7260a/build/CMakeFiles/CMakeTmp'
Building C object CMakeFiles/cmTC_549e1.dir/CheckSymbolExists.c.o
/usr/bin/cc   -O2 -Wall -fPIC     -o CMakeFiles/cmTC_549e1.dir/CheckSymbolExists.c.o   -c /home/book/incubator-tvm-490510d463bd760fc474f956a3098b88ebf7260a/build/CMakeFiles/CMakeTmp/CheckSymbolExists.c
/home/book/incubator-tvm-490510d463bd760fc474f956a3098b88ebf7260a/build/CMakeFiles/CMakeTmp/CheckSymbolExists.c:2:10: fatal error: OpenCL_INCLUDE_DIR-NOTFOUND/CL/cl.h: No such file or directory
 #include <OpenCL_INCLUDE_DIR-NOTFOUND/CL/cl.h>
          ^~~~~~~~~~~~~~~~~~~~~~~~~~~~~~~~~~~~~
compilation terminated.
CMakeFiles/cmTC_549e1.dir/build.make:65: recipe for target 'CMakeFiles/cmTC_549e1.dir/CheckSymbolExists.c.o' failed
make[1]: *** [CMakeFiles/cmTC_549e1.dir/CheckSymbolExists.c.o] Error 1
make[1]: Leaving directory '/home/book/incubator-tvm-490510d463bd760fc474f956a3098b88ebf7260a/build/CMakeFiles/CMakeTmp'
Makefile:121: recipe for target 'cmTC_549e1/fast' failed
make: *** [cmTC_549e1/fast] Error 2

File /home/book/incubator-tvm-490510d463bd760fc474f956a3098b88ebf7260a/build/CMakeFiles/CMakeTmp/CheckSymbolExists.c:
/* */
#include <OpenCL_INCLUDE_DIR-NOTFOUND/CL/cl.h>

int main(int argc, char** argv)
{
  (void)argv;
#ifndef CL_VERSION_1_0
  return ((int*)(&CL_VERSION_1_0))[argc];
#else
  (void)argc;
  return 0;
#endif
}

Determining if the pthread_create exist failed with the following output:
Change Dir: /home/book/incubator-tvm-490510d463bd760fc474f956a3098b88ebf7260a/build/CMakeFiles/CMakeTmp

Run Build Command:"/usr/bin/make" "cmTC_fea22/fast"
/usr/bin/make -f CMakeFiles/cmTC_fea22.dir/build.make CMakeFiles/cmTC_fea22.dir/build
make[1]: Entering directory '/home/book/incubator-tvm-490510d463bd760fc474f956a3098b88ebf7260a/build/CMakeFiles/CMakeTmp'
Building C object CMakeFiles/cmTC_fea22.dir/CheckSymbolExists.c.o
/usr/bin/cc   -O2 -Wall -fPIC     -o CMakeFiles/cmTC_fea22.dir/CheckSymbolExists.c.o   -c /home/book/incubator-tvm-490510d463bd760fc474f956a3098b88ebf7260a/build/CMakeFiles/CMakeTmp/CheckSymbolExists.c
Linking C executable cmTC_fea22
/usr/local/bin/cmake -E cmake_link_script CMakeFiles/cmTC_fea22.dir/link.txt --verbose=1
/usr/bin/cc -O2 -Wall -fPIC      -rdynamic CMakeFiles/cmTC_fea22.dir/CheckSymbolExists.c.o  -o cmTC_fea22 
CMakeFiles/cmTC_fea22.dir/CheckSymbolExists.c.o: In function `main':
CheckSymbolExists.c:(.text.startup+0x3): undefined reference to `pthread_create'
collect2: error: ld returned 1 exit status
CMakeFiles/cmTC_fea22.dir/build.make:86: recipe for target 'cmTC_fea22' failed
make[1]: *** [cmTC_fea22] Error 1
make[1]: Leaving directory '/home/book/incubator-tvm-490510d463bd760fc474f956a3098b88ebf7260a/build/CMakeFiles/CMakeTmp'
Makefile:121: recipe for target 'cmTC_fea22/fast' failed
make: *** [cmTC_fea22/fast] Error 2

File /home/book/incubator-tvm-490510d463bd760fc474f956a3098b88ebf7260a/build/CMakeFiles/CMakeTmp/CheckSymbolExists.c:
/* */
#include <pthread.h>

int main(int argc, char** argv)
{
  (void)argv;
#ifndef pthread_create
  return ((int*)(&pthread_create))[argc];
#else
  (void)argc;
  return 0;
#endif
}

